[00:01:24] [Server thread/INFO] [net.minecraft.server.dedicated.DedicatedServer]: Blackberet has made the advancement [The Parrots and the Bats]
[00:02:28] [Server thread/INFO] [Lootr]: Added minecraft:hopper to the Lootr block replacement list.
[00:02:28] [Server thread/INFO] [Lootr]: Added minecraft:white_shulker_box to the Lootr block replacement list.
[00:02:28] [Server thread/INFO] [Lootr]: Added minecraft:orange_shulker_box to the Lootr block replacement list.
[00:02:28] [Server thread/INFO] [Lootr]: Added minecraft:magenta_shulker_box to the Lootr block replacement list.
[00:02:28] [Server thread/INFO] [Lootr]: Added minecraft:light_blue_shulker_box to the Lootr block replacement list.
[00:02:28] [Server thread/INFO] [Lootr]: Added minecraft:yellow_shulker_box to the Lootr block replacement list.
[00:02:28] [Server thread/INFO] [Lootr]: Added minecraft:lime_shulker_box to the Lootr block replacement list.
[00:02:28] [Server thread/INFO] [Lootr]: Added minecraft:pink_shulker_box to the Lootr block replacement list.
[00:02:28] [Server thread/INFO] [Lootr]: Added minecraft:gray_shulker_box to the Lootr block replacement list.
[00:02:28] [Server thread/INFO] [Lootr]: Added minecraft:silver_shulker_box to the Lootr block replacement list.
[00:02:28] [Server thread/INFO] [Lootr]: Added minecraft:cyan_shulker_box to the Lootr block replacement list.
[00:02:28] [Server thread/INFO] [Lootr]: Added minecraft:blue_shulker_box to the Lootr block replacement list.
[00:02:28] [Server thread/INFO] [Lootr]: Added minecraft:brown_shulker_box to the Lootr block replacement list.
[00:02:28] [Server thread/INFO] [Lootr]: Added minecraft:green_shulker_box to the Lootr block replacement list.
[00:02:28] [Server thread/INFO] [Lootr]: Added minecraft:red_shulker_box to the Lootr block replacement list.
[00:02:28] [Server thread/INFO] [Lootr]: Added minecraft:black_shulker_box to the Lootr block replacement list.
[00:02:28] [Server thread/INFO] [Lootr]: Added advanced_smelter:alchemical_grate to the Lootr block replacement list.
[00:02:29] [Server thread/INFO] [XU2BinPatchManager]: Successfully applied runtime patches for com.rwtema.extrautils2.tile.TileTrashCanFluids$1 (new size 1955)
[00:02:30] [Server thread/INFO] [Lootr]: Added rustic:vase to the Lootr block replacement list.
[00:02:30] [Server thread/INFO] [Lootr]: Added rustic:barrel to the Lootr block replacement list.
[00:02:30] [Server thread/INFO] [Lootr]: Added rustic:cabinet to the Lootr block replacement list.
[00:02:30] [Server thread/INFO] [Lootr]: Added thaumcraft:hungry_chest to the Lootr block replacement list.
[00:02:31] [Server thread/INFO] [Lootr]: Added tconstruct:wooden_hopper to the Lootr block replacement list.
[00:02:31] [Server thread/INFO] [Lootr]: Added quark:custom_chest to the Lootr block replacement list.
[00:02:31] [Server thread/INFO] [Lootr]: Added quark:custom_chest_trap to the Lootr block replacement list.
[00:02:31] [Server thread/WARN] [TickCentral]: Unable to get superclass as resource: net/minecraft/client/model/ModelBase (net/minecraft/client/model/ModelBase) Do you have a broken installation? It is referenced in its_meow/betteranimalsplus/client/model/ModelTrilliumMulti (its_meow/betteranimalsplus/client/model/ModelTrilliumMulti)
[00:02:31] [Server thread/WARN] [TickCentral]: Unable to get superclass as resource: net/minecraft/client/model/ModelBase (net/minecraft/client/model/ModelBase) Do you have a broken installation? It is referenced in its_meow/betteranimalsplus/client/model/ModelTrilliumMulti (its_meow/betteranimalsplus/client/model/ModelTrilliumMulti)
[00:02:31] [Server thread/WARN] [TickCentral]: Unable to get superclass as resource: net/minecraft/client/model/ModelBase (net/minecraft/client/model/ModelBase) Do you have a broken installation? It is referenced in its_meow/betteranimalsplus/client/model/ModelTrilliumMulti (its_meow/betteranimalsplus/client/model/ModelTrilliumMulti)
[00:02:31] [Server thread/WARN] [TickCentral]: Unable to get superclass as resource: net/minecraft/client/model/ModelBase (net/minecraft/client/model/ModelBase) Do you have a broken installation? It is referenced in its_meow/betteranimalsplus/client/model/ModelTrillium (its_meow/betteranimalsplus/client/model/ModelTrillium)
[00:02:31] [Server thread/WARN] [TickCentral]: Unable to get superclass as resource: net/minecraft/client/model/ModelBase (net/minecraft/client/model/ModelBase) Do you have a broken installation? It is referenced in its_meow/betteranimalsplus/client/model/ModelTrillium (its_meow/betteranimalsplus/client/model/ModelTrillium)
[00:02:31] [Server thread/WARN] [TickCentral]: Unable to get superclass as resource: net/minecraft/client/model/ModelBase (net/minecraft/client/model/ModelBase) Do you have a broken installation? It is referenced in its_meow/betteranimalsplus/client/model/ModelTrillium (its_meow/betteranimalsplus/client/model/ModelTrillium)
[00:02:31] [Server thread/WARN] [TickCentral]: Unable to get superclass as resource: net/minecraft/client/model/ModelBase (net/minecraft/client/model/ModelBase) Do you have a broken installation? It is referenced in its_meow/betteranimalsplus/client/model/ModelTrilliumMulti2 (its_meow/betteranimalsplus/client/model/ModelTrilliumMulti2)
[00:02:31] [Server thread/WARN] [TickCentral]: Unable to get superclass as resource: net/minecraft/client/model/ModelBase (net/minecraft/client/model/ModelBase) Do you have a broken installation? It is referenced in its_meow/betteranimalsplus/client/model/ModelTrilliumMulti2 (its_meow/betteranimalsplus/client/model/ModelTrilliumMulti2)
[00:02:31] [Server thread/WARN] [TickCentral]: Unable to get superclass as resource: net/minecraft/client/model/ModelBase (net/minecraft/client/model/ModelBase) Do you have a broken installation? It is referenced in its_meow/betteranimalsplus/client/model/ModelTrilliumMulti2 (its_meow/betteranimalsplus/client/model/ModelTrilliumMulti2)
[00:02:32] [Server thread/WARN] [TickCentral]: Unable to get superclass as resource: net/minecraft/client/model/ModelBase (net/minecraft/client/model/ModelBase) Do you have a broken installation? It is referenced in its_meow/betteranimalsplus/client/model/ModelFeralWolfHead (its_meow/betteranimalsplus/client/model/ModelFeralWolfHead)
[00:02:32] [Server thread/WARN] [TickCentral]: Unable to get superclass as resource: net/minecraft/client/model/ModelBase (net/minecraft/client/model/ModelBase) Do you have a broken installation? It is referenced in its_meow/betteranimalsplus/client/model/ModelFeralWolfHead (its_meow/betteranimalsplus/client/model/ModelFeralWolfHead)
[00:02:32] [Server thread/WARN] [TickCentral]: Unable to get superclass as resource: net/minecraft/client/model/ModelBase (net/minecraft/client/model/ModelBase) Do you have a broken installation? It is referenced in its_meow/betteranimalsplus/client/model/ModelFeralWolfHead (its_meow/betteranimalsplus/client/model/ModelFeralWolfHead)
[00:02:32] [Server thread/WARN] [TickCentral]: Unable to get superclass as resource: net/minecraft/client/model/ModelBase (net/minecraft/client/model/ModelBase) Do you have a broken installation? It is referenced in its_meow/betteranimalsplus/client/model/ModelCoyoteHead (its_meow/betteranimalsplus/client/model/ModelCoyoteHead)
[00:02:32] [Server thread/WARN] [TickCentral]: Unable to get superclass as resource: net/minecraft/client/model/ModelBase (net/minecraft/client/model/ModelBase) Do you have a broken installation? It is referenced in its_meow/betteranimalsplus/client/model/ModelCoyoteHead (its_meow/betteranimalsplus/client/model/ModelCoyoteHead)
[00:02:32] [Server thread/WARN] [TickCentral]: Unable to get superclass as resource: net/minecraft/client/model/ModelBase (net/minecraft/client/model/ModelBase) Do you have a broken installation? It is referenced in its_meow/betteranimalsplus/client/model/ModelCoyoteHead (its_meow/betteranimalsplus/client/model/ModelCoyoteHead)
[00:02:32] [Server thread/WARN] [TickCentral]: Unable to get superclass as resource: net/minecraft/client/model/ModelBase (net/minecraft/client/model/ModelBase) Do you have a broken installation? It is referenced in its_meow/betteranimalsplus/client/model/ModelFoxHead (its_meow/betteranimalsplus/client/model/ModelFoxHead)
[00:02:32] [Server thread/WARN] [TickCentral]: Unable to get superclass as resource: net/minecraft/client/model/ModelBase (net/minecraft/client/model/ModelBase) Do you have a broken installation? It is referenced in its_meow/betteranimalsplus/client/model/ModelFoxHead (its_meow/betteranimalsplus/client/model/ModelFoxHead)
[00:02:32] [Server thread/WARN] [TickCentral]: Unable to get superclass as resource: net/minecraft/client/model/ModelBase (net/minecraft/client/model/ModelBase) Do you have a broken installation? It is referenced in its_meow/betteranimalsplus/client/model/ModelFoxHead (its_meow/betteranimalsplus/client/model/ModelFoxHead)
[00:02:32] [Server thread/WARN] [TickCentral]: Unable to get superclass as resource: net/minecraft/client/model/ModelBase (net/minecraft/client/model/ModelBase) Do you have a broken installation? It is referenced in its_meow/betteranimalsplus/client/model/ModelBoarHead (its_meow/betteranimalsplus/client/model/ModelBoarHead)
[00:02:32] [Server thread/WARN] [TickCentral]: Unable to get superclass as resource: net/minecraft/client/model/ModelBase (net/minecraft/client/model/ModelBase) Do you have a broken installation? It is referenced in its_meow/betteranimalsplus/client/model/ModelBoarHead (its_meow/betteranimalsplus/client/model/ModelBoarHead)
[00:02:32] [Server thread/WARN] [TickCentral]: Unable to get superclass as resource: net/minecraft/client/model/ModelBase (net/minecraft/client/model/ModelBase) Do you have a broken installation? It is referenced in its_meow/betteranimalsplus/client/model/ModelBoarHead (its_meow/betteranimalsplus/client/model/ModelBoarHead)
[00:02:32] [Server thread/WARN] [TickCentral]: Unable to get superclass as resource: net/minecraft/client/model/ModelBase (net/minecraft/client/model/ModelBase) Do you have a broken installation? It is referenced in its_meow/betteranimalsplus/client/model/ModelBearHead (its_meow/betteranimalsplus/client/model/ModelBearHead)
[00:02:32] [Server thread/WARN] [TickCentral]: Unable to get superclass as resource: net/minecraft/client/model/ModelBase (net/minecraft/client/model/ModelBase) Do you have a broken installation? It is referenced in its_meow/betteranimalsplus/client/model/ModelBearHead (its_meow/betteranimalsplus/client/model/ModelBearHead)
[00:02:32] [Server thread/WARN] [TickCentral]: Unable to get superclass as resource: net/minecraft/client/model/ModelBase (net/minecraft/client/model/ModelBase) Do you have a broken installation? It is referenced in its_meow/betteranimalsplus/client/model/ModelBearHead (its_meow/betteranimalsplus/client/model/ModelBearHead)
[00:02:32] [Server thread/WARN] [TickCentral]: Unable to get superclass as resource: net/minecraft/client/model/ModelBase (net/minecraft/client/model/ModelBase) Do you have a broken installation? It is referenced in its_meow/betteranimalsplus/client/model/ModelDeerHead (its_meow/betteranimalsplus/client/model/ModelDeerHead)
[00:02:32] [Server thread/WARN] [TickCentral]: Unable to get superclass as resource: net/minecraft/client/model/ModelBase (net/minecraft/client/model/ModelBase) Do you have a broken installation? It is referenced in its_meow/betteranimalsplus/client/model/ModelDeerHead (its_meow/betteranimalsplus/client/model/ModelDeerHead)
[00:02:32] [Server thread/WARN] [TickCentral]: Unable to get superclass as resource: net/minecraft/client/model/ModelBase (net/minecraft/client/model/ModelBase) Do you have a broken installation? It is referenced in its_meow/betteranimalsplus/client/model/ModelDeerHead (its_meow/betteranimalsplus/client/model/ModelDeerHead)
[00:02:32] [Server thread/WARN] [TickCentral]: Unable to get superclass as resource: net/minecraft/client/model/ModelBase (net/minecraft/client/model/ModelBase) Do you have a broken installation? It is referenced in its_meow/betteranimalsplus/client/model/ModelReindeerHead (its_meow/betteranimalsplus/client/model/ModelReindeerHead)
[00:02:32] [Server thread/WARN] [TickCentral]: Unable to get superclass as resource: net/minecraft/client/model/ModelBase (net/minecraft/client/model/ModelBase) Do you have a broken installation? It is referenced in its_meow/betteranimalsplus/client/model/ModelReindeerHead (its_meow/betteranimalsplus/client/model/ModelReindeerHead)
[00:02:32] [Server thread/WARN] [TickCentral]: Unable to get superclass as resource: net/minecraft/client/model/ModelBase (net/minecraft/client/model/ModelBase) Do you have a broken installation? It is referenced in its_meow/betteranimalsplus/client/model/ModelReindeerHead (its_meow/betteranimalsplus/client/model/ModelReindeerHead)
[00:02:32] [Server thread/WARN] [TickCentral]: Unable to get superclass as resource: net/minecraft/client/model/ModelBase (net/minecraft/client/model/ModelBase) Do you have a broken installation? It is referenced in its_meow/betteranimalsplus/client/model/ModelMooseHead (its_meow/betteranimalsplus/client/model/ModelMooseHead)
[00:02:32] [Server thread/WARN] [TickCentral]: Unable to get superclass as resource: net/minecraft/client/model/ModelBase (net/minecraft/client/model/ModelBase) Do you have a broken installation? It is referenced in its_meow/betteranimalsplus/client/model/ModelMooseHead (its_meow/betteranimalsplus/client/model/ModelMooseHead)
[00:02:32] [Server thread/WARN] [TickCentral]: Unable to get superclass as resource: net/minecraft/client/model/ModelBase (net/minecraft/client/model/ModelBase) Do you have a broken installation? It is referenced in its_meow/betteranimalsplus/client/model/ModelMooseHead (its_meow/betteranimalsplus/client/model/ModelMooseHead)
[00:02:32] [Server thread/WARN] [TickCentral]: Unable to get superclass as resource: net/minecraft/client/model/ModelBase (net/minecraft/client/model/ModelBase) Do you have a broken installation? It is referenced in its_meow/betteranimalsplus/client/model/ModelHirschgeistSkull (its_meow/betteranimalsplus/client/model/ModelHirschgeistSkull)
[00:02:32] [Server thread/WARN] [TickCentral]: Unable to get superclass as resource: net/minecraft/client/model/ModelBase (net/minecraft/client/model/ModelBase) Do you have a broken installation? It is referenced in its_meow/betteranimalsplus/client/model/ModelHirschgeistSkull (its_meow/betteranimalsplus/client/model/ModelHirschgeistSkull)
[00:02:32] [Server thread/WARN] [TickCentral]: Unable to get superclass as resource: net/minecraft/client/model/ModelBase (net/minecraft/client/model/ModelBase) Do you have a broken installation? It is referenced in its_meow/betteranimalsplus/client/model/ModelHirschgeistSkull (its_meow/betteranimalsplus/client/model/ModelHirschgeistSkull)
[00:02:32] [Server thread/INFO] [Lootr]: Added ironchest:iron_chest to the Lootr block replacement list.
[00:02:32] [Server thread/INFO] [Lootr]: Added ironchest:iron_shulker_box_white to the Lootr block replacement list.
[00:02:32] [Server thread/INFO] [Lootr]: Added ironchest:iron_shulker_box_orange to the Lootr block replacement list.
[00:02:32] [Server thread/INFO] [Lootr]: Added ironchest:iron_shulker_box_magenta to the Lootr block replacement list.
[00:02:32] [Server thread/INFO] [Lootr]: Added ironchest:iron_shulker_box_light_blue to the Lootr block replacement list.
[00:02:32] [Server thread/INFO] [Lootr]: Added ironchest:iron_shulker_box_yellow to the Lootr block replacement list.
[00:02:32] [Server thread/INFO] [Lootr]: Added ironchest:iron_shulker_box_lime to the Lootr block replacement list.
[00:02:32] [Server thread/INFO] [Lootr]: Added ironchest:iron_shulker_box_pink to the Lootr block replacement list.
[00:02:32] [Server thread/INFO] [Lootr]: Added ironchest:iron_shulker_box_gray to the Lootr block replacement list.
[00:02:32] [Server thread/INFO] [Lootr]: Added ironchest:iron_shulker_box_silver to the Lootr block replacement list.
[00:02:32] [Server thread/INFO] [Lootr]: Added ironchest:iron_shulker_box_cyan to the Lootr block replacement list.
[00:02:32] [Server thread/INFO] [Lootr]: Added ironchest:iron_shulker_box_purple to the Lootr block replacement list.
[00:02:32] [Server thread/INFO] [Lootr]: Added ironchest:iron_shulker_box_blue to the Lootr block replacement list.
[00:02:32] [Server thread/INFO] [Lootr]: Added ironchest:iron_shulker_box_brown to the Lootr block replacement list.
[00:02:32] [Server thread/INFO] [Lootr]: Added ironchest:iron_shulker_box_green to the Lootr block replacement list.
[00:02:32] [Server thread/INFO] [Lootr]: Added ironchest:iron_shulker_box_red to the Lootr block replacement list.
[00:02:32] [Server thread/INFO] [Lootr]: Added ironchest:iron_shulker_box_black to the Lootr block replacement list.
[00:02:33] [Server thread/INFO] [libnine]: Calculating serialization mappings for class: com.trashboxbobylev.psicaster.tile.TileCaster
[00:02:33] [Server thread/INFO] [libnine]: Calculating serialization mappings for class: xyz.phanta.psicosts.tile.TileFluxResonator
[00:02:33] [Server thread/INFO] [libnine]: Calculating serialization mappings for class: io.github.phantamanta44.threng.tile.TileAggregator
[00:02:33] [Server thread/INFO] [libnine]: Calculating serialization mappings for class: io.github.phantamanta44.threng.tile.TileBigAssemblerPart
[00:02:33] [Server thread/INFO] [libnine]: Calculating serialization mappings for class: xyz.phanta.psicosts.integration.bloodmagic.TileBloodResonator
[00:02:33] [Server thread/INFO] [libnine]: Calculating serialization mappings for class: xyz.phanta.psicosts.integration.thaumcraft.TileEssentiaResonator
[00:02:33] [Server thread/INFO] [libnine]: Calculating serialization mappings for class: xyz.phanta.psicosts.integration.astral.TileStarlightResonator
[00:02:33] [Server thread/INFO] [libnine]: Calculating serialization mappings for class: xyz.phanta.psicosts.integration.botania.TileManaResonator
[00:02:34] [Server thread/WARN] [net.minecraft.server.MinecraftServer]: Can't keep up! Did the system time change, or is the server overloaded? Running 6525ms behind, skipping 91 tick(s)
[00:02:34] [Server thread/WARN] [net.minecraft.world.storage.loot.LootTable]: Tried to over-fill a container
[00:02:35] [Server thread/INFO] [net.minecraft.server.dedicated.DedicatedServer]: <Blackberet> a
[00:02:49] [Server thread/WARN] [net.minecraft.world.storage.loot.LootTable]: Tried to over-fill a container
[00:02:49] [Server thread/WARN] [net.minecraft.world.storage.loot.LootTable]: Tried to over-fill a container
